  gmock-all.cc
  gtest-all.cc
  Generating Code...
  gmock.vcxproj -> D:\Projects\WinBuilds\googletest\Windows\VS2019\Debug\gmock.lib
  copying include header files...
  D:\Projects\WinBuilds\googletest\Windows\VS2019\..\..\googlemock\include\gmock\gmock-actions.h
  D:\Projects\WinBuilds\googletest\Windows\VS2019\..\..\googlemock\include\gmock\gmock-cardinalities.h
  D:\Projects\WinBuilds\googletest\Windows\VS2019\..\..\googlemock\include\gmock\gmock-function-mocker.h
  D:\Projects\WinBuilds\googletest\Windows\VS2019\..\..\googlemock\include\gmock\gmock-matchers.h
  D:\Projects\WinBuilds\googletest\Windows\VS2019\..\..\googlemock\include\gmock\gmock-more-actions.h
  D:\Projects\WinBuilds\googletest\Windows\VS2019\..\..\googlemock\include\gmock\gmock-more-matchers.h
  D:\Projects\WinBuilds\googletest\Windows\VS2019\..\..\googlemock\include\gmock\gmock-nice-strict.h
  D:\Projects\WinBuilds\googletest\Windows\VS2019\..\..\googlemock\include\gmock\gmock-spec-builders.h
  D:\Projects\WinBuilds\googletest\Windows\VS2019\..\..\googlemock\include\gmock\gmock.h
  D:\Projects\WinBuilds\googletest\Windows\VS2019\..\..\googlemock\include\gmock\internal\gmock-internal-utils.h
  D:\Projects\WinBuilds\googletest\Windows\VS2019\..\..\googlemock\include\gmock\internal\gmock-port.h
  D:\Projects\WinBuilds\googletest\Windows\VS2019\..\..\googlemock\include\gmock\internal\gmock-pp.h
  D:\Projects\WinBuilds\googletest\Windows\VS2019\..\..\googlemock\include\gmock\internal\custom\gmock-generated-actions.h
  D:\Projects\WinBuilds\googletest\Windows\VS2019\..\..\googlemock\include\gmock\internal\custom\gmock-matchers.h
  D:\Projects\WinBuilds\googletest\Windows\VS2019\..\..\googlemock\include\gmock\internal\custom\gmock-port.h
  D:\Projects\WinBuilds\googletest\Windows\VS2019\..\..\googlemock\include\gmock\internal\custom\README.md
  16 File(s) copied
